<?xml version="1.0" encoding="UTF-8"?>
<!-- Generated by org.testng.reporters.JUnitReportReporter -->
<testsuite hostname="Juan" failures="0" tests="1" name="com.globant.app.E1_BookingTillCompleteCreditCardTest" time="11.431" errors="0" timestamp="2023-07-06T11:43:23 COT" skipped="0">
  <testcase classname="com.globant.app.E1_BookingTillCompleteCreditCardTest" name="endToEndTest" time="11.431"/>
  <system-out/>
</testsuite> <!-- com.globant.app.E1_BookingTillCompleteCreditCardTest -->
