<?xml version="1.0" encoding="UTF-8"?>
<!-- Generated by org.testng.reporters.JUnitReportReporter -->
<testsuite hostname="Juan" failures="0" tests="1" name="com.globant.app.E1_BookingTillCompleteCreditCardTest" time="2.269" errors="0" timestamp="2023-07-06T19:49:40 COT" skipped="0">
  <testcase classname="com.globant.app.E1_BookingTillCompleteCreditCardTest" name="endToEndTest" time="2.269"/>
  <system-out/>
</testsuite> <!-- com.globant.app.E1_BookingTillCompleteCreditCardTest -->
