<?xml version="1.0" encoding="UTF-8"?>
<!-- Generated by org.testng.reporters.JUnitReportReporter -->
<testsuite hostname="Juan" failures="0" tests="4" name="com.globant.app.E1_BookingTillCompleteCreditCardTest" time="21.722" errors="0" timestamp="2023-07-28T19:46:14 COT" skipped="0">
  <testcase classname="com.globant.app.E1_BookingTillCompleteCreditCardTest" name="searchFlight" time="5.254"/>
  <system-out/>
  <testcase classname="com.globant.app.E1_BookingTillCompleteCreditCardTest" name="filterOptions" time="4.989"/>
  <system-out/>
  <testcase classname="com.globant.app.E1_BookingTillCompleteCreditCardTest" name="selectButtonPresentOnEveryResult" time="0.696"/>
  <system-out/>
  <testcase classname="com.globant.app.E1_BookingTillCompleteCreditCardTest" name="verifyTripDetails" time="10.783"/>
  <system-out/>
</testsuite> <!-- com.globant.app.E1_BookingTillCompleteCreditCardTest -->
